Arguments: 
  /Users/matias/.nvm/versions/node/v14.8.0/bin/node /usr/local/Cellar/yarn/1.22.4/libexec/bin/yarn.js

PATH: 
  /Users/matias/.nvm/versions/node/v14.8.0/bin:/Applications/Android Studio.app/Contents/jre/jdk/Contents/Home/bin:/Users/matias/Library/Android/sdk/emulator:/Users/matias/Library/Android/sdk/platform-tools:/Users/matias/Library/Android/sdk/tools/bin:/Users/matias/Library/Android/sdk/tools:/usr/local/sbin:/usr/local/opt/icu4c/sbin:/usr/local/opt/icu4c/bin:/usr/local/opt/fzf/bin:/Users/matias/.nvim/dein/repos/github.com/junegunn/fzf/bin:/usr/local/bin:/Users/matias/.emacs.d/bin:/usr/local/bin:/usr/bin:/bin:/usr/sbin:/sbin:/opt/X11/bin:/Applications/Android Studio.app/Contents/jre/jdk/Contents/Home/bin:/Users/matias/Library/Android/sdk/emulator:/Users/matias/Library/Android/sdk/platform-tools:/Users/matias/Library/Android/sdk/tools/bin:/Users/matias/Library/Android/sdk/tools:/Users/matias/.emacs.d/bin

Yarn version: 
  1.22.4

Node version: 
  14.8.0

Platform: 
  darwin x64

Trace: 
  Error: https://registry.yarnpkg.com/date-fns/-/date-fns-2.19.0.tgz: ESOCKETTIMEDOUT
      at ClientRequest.<anonymous> (/usr/local/Cellar/yarn/1.22.4/libexec/lib/cli.js:141375:19)
      at Object.onceWrapper (events.js:420:28)
      at ClientRequest.emit (events.js:314:20)
      at TLSSocket.emitRequestTimeout (_http_client.js:769:9)
      at Object.onceWrapper (events.js:420:28)
      at TLSSocket.emit (events.js:326:22)
      at TLSSocket.Socket._onTimeout (net.js:483:8)
      at listOnTimeout (internal/timers.js:551:17)
      at processTimers (internal/timers.js:494:7)

npm manifest: 
  {
    "name": "matias-hernandez",
    "version": "1.0.0",
    "private": true,
    "description": "Matias Hernandez",
    "author": "Matias Hernandez",
    "keywords": [
      "gatsby"
    ],
    "scripts": {
      "develop": "gatsby develop",
      "start": "gatsby develop",
      "build": "gatsby build",
      "serve": "gatsby serve",
      "clean": "gatsby clean"
    },
    "license": "0BSD",
    "dependencies": {
      "@emotion/babel-plugin-jsx-pragmatic": "0.1.5",
      "@emotion/react": "11.1.5",
      "@emotion/styled": "11.1.5",
      "@mdx-js/mdx": "1.6.22",
      "@mdx-js/react": "1.6.22",
      "@mdx-js/runtime": "1.6.22",
      "babel-plugin-macros": "3.0.1",
      "crypto": "1.0.1",
      "fs": "0.0.1-security",
      "gatsby": "3.0.4",
      "gatsby-image": "3.0.0",
      "gatsby-plugin-alias-imports": "1.0.5",
      "gatsby-plugin-emotion": "6.0.0",
      "gatsby-plugin-feed": "3.0.0",
      "gatsby-plugin-google-analytics": "3.0.0",
      "gatsby-plugin-mdx-embed": "0.0.19",
      "gatsby-plugin-offline": "4.0.0",
      "gatsby-plugin-page-creator": "3.0.0",
      "gatsby-plugin-prettier-eslint": "1.0.4",
      "gatsby-plugin-react-helmet": "4.0.0",
      "gatsby-plugin-react-svg": "3.0.0",
      "gatsby-plugin-root-import": "2.0.6",
      "gatsby-plugin-sharp": "3.0.0",
      "gatsby-plugin-sitemap": "3.0.0",
      "gatsby-remark-prismjs": "3.10.0",
      "gatsby-source-buzzsprout-api": "1.0.4",
      "gatsby-source-filesystem": "3.0.0",
      "gatsby-source-rss-feed": "1.2.2",
      "gatsby-source-sanity": "6.0.5",
      "gatsby-transformer-sharp": "3.0.0",
      "mdx-embed": "0.0.19",
      "open-graph-scraper": "4.8.1",
      "prismjs": "1.23.0",
      "react": "17.0.1",
      "react-dom": "17.0.1",
      "react-helmet": "6.1.0",
      "react-markdown": "5.0.3",
      "react-share": "4.4.0",
      "tailwindcss": "2.0.3",
      "twin.macro": "2.3.0",
      "typescript": "4.2.3"
    },
    "devDependencies": {
      "autoprefixer": "10.2.5",
      "eslint-import-resolver-alias": "1.1.2",
      "gatsby-plugin-advanced-sitemap": "1.6.0",
      "gatsby-plugin-catch-links": "3.0.0",
      "gatsby-plugin-manifest": "3.0.0",
      "gatsby-plugin-mdx": "2.0.0",
      "gatsby-plugin-robots-txt": "1.5.5",
      "gatsby-plugin-workerize-loader": "1.5.0",
      "gatsby-remark-images": "4.0.0",
      "postcss": "8.2.8",
      "remark-mdx": "1.6.22",
      "remark-parse": "9.0.0",
      "remark-stringify": "9.0.1",
      "unified": "9.2.1"
    }
  }

yarn manifest: 
  No manifest

Lockfile: 
  No lockfile
